\BOOKMARK [1][-]{section*.4}{Abbildungsverzeichnis}{}% 1
\BOOKMARK [1][-]{section.1}{Einleitung}{}% 2
\BOOKMARK [2][-]{subsection.1.1}{Motivation}{section.1}% 3
\BOOKMARK [2][-]{subsection.1.2}{Aufgabenstellung}{section.1}% 4
\BOOKMARK [1][-]{section.2}{Wissenschaftliche Vertiefung}{}% 5
\BOOKMARK [2][-]{subsection.2.1}{Entity Relationship Model}{section.2}% 6
\BOOKMARK [2][-]{subsection.2.2}{Jakarta EE}{section.2}% 7
\BOOKMARK [2][-]{subsection.2.3}{MicroProfile}{section.2}% 8
\BOOKMARK [2][-]{subsection.2.4}{Payara}{section.2}% 9
\BOOKMARK [2][-]{subsection.2.5}{Docker}{section.2}% 10
\BOOKMARK [3][-]{subsubsection.2.5.1}{Image}{subsection.2.5}% 11
\BOOKMARK [3][-]{subsubsection.2.5.2}{Container}{subsection.2.5}% 12
\BOOKMARK [2][-]{subsection.2.6}{React.js}{section.2}% 13
\BOOKMARK [1][-]{section.3}{Entwurf}{}% 14
\BOOKMARK [2][-]{subsection.3.1}{Auswahl der externen API}{section.3}% 15
\BOOKMARK [2][-]{subsection.3.2}{Datenmodell}{section.3}% 16
\BOOKMARK [3][-]{subsubsection.3.2.1}{SearchRequest}{subsection.3.2}% 17
\BOOKMARK [3][-]{subsubsection.3.2.2}{SearchResult}{subsection.3.2}% 18
\BOOKMARK [2][-]{subsection.3.3}{Framework}{section.3}% 19
\BOOKMARK [1][-]{section.4}{Implementierung}{}% 20
\BOOKMARK [2][-]{subsection.4.1}{Backend}{section.4}% 21
\BOOKMARK [3][-]{subsubsection.4.1.1}{Flughafensuche}{subsection.4.1}% 22
\BOOKMARK [3][-]{subsubsection.4.1.2}{Flugsuche}{subsection.4.1}% 23
\BOOKMARK [1][-]{section.5}{Testing}{}% 24
\BOOKMARK [1][-]{section.6}{Zusammenfassung}{}% 25
\BOOKMARK [2][-]{subsection.6.1}{Ausblick}{section.6}% 26
\BOOKMARK [1][-]{section*.15}{Literatur}{}% 27
